<?xml version="1.0" encoding="UTF-8"?>
<!-- Generated by org.testng.reporters.JUnitReportReporter -->
<testsuite hostname="DESKTOP-PA7IU45" failures="0" tests="1" name="mobileautomation.Appium.GestureSwipe" time="9.674" errors="0" timestamp="2022-11-16T18:23:57 IST" skipped="0">
  <testcase classname="mobileautomation.Appium.GestureSwipe" name="gestureSwipe" time="9.674"/>
  <system-out/>
</testsuite> <!-- mobileautomation.Appium.GestureSwipe -->
