<?xml version="1.0" encoding="UTF-8"?>
<!-- Generated by org.testng.reporters.JUnitReportReporter -->
<testsuite hostname="DESKTOP-PA7IU45" failures="0" tests="1" name="mobileautomation.Appium.GestureLongPress" time="11.236" errors="0" timestamp="2022-11-16T15:38:30 IST" skipped="0">
  <testcase classname="mobileautomation.Appium.GestureLongPress" name="gestureLongPress" time="11.236"/>
  <system-out/>
</testsuite> <!-- mobileautomation.Appium.GestureLongPress -->
