<?xml version="1.0" encoding="UTF-8"?>
<!-- Generated by org.testng.reporters.JUnitReportReporter -->
<testsuite hostname="DESKTOP-PA7IU45" failures="0" tests="1" name="mobileautomation.Appium.eCommerce_tc_2" time="21.060" errors="0" timestamp="2022-11-21T16:21:28 IST" skipped="0">
  <testcase classname="mobileautomation.Appium.eCommerce_tc_2" name="fillForm" time="21.060"/>
  <system-out/>
</testsuite> <!-- mobileautomation.Appium.eCommerce_tc_2 -->
