<?xml version="1.0" encoding="UTF-8"?>
<!-- Generated by org.testng.reporters.JUnitReportReporter -->
<testsuite hostname="DESKTOP-PA7IU45" failures="0" tests="1" name="mobileautomation.Appium.AppiumMiscellaneousActions" time="22.158" errors="0" timestamp="2022-11-17T16:11:53 IST" skipped="0">
  <testcase classname="mobileautomation.Appium.AppiumMiscellaneousActions" name="miscellaneousAction" time="22.158"/>
  <system-out/>
</testsuite> <!-- mobileautomation.Appium.AppiumMiscellaneousActions -->
