<?xml version="1.0" encoding="UTF-8"?>
<!-- Generated by org.testng.reporters.JUnitReportReporter -->
<testsuite hostname="DESKTOP-PA7IU45" failures="0" tests="1" name="mobileautomation.Appium.GestureScroll" time="34.091" errors="0" timestamp="2022-11-16T17:53:54 IST" skipped="0">
  <testcase classname="mobileautomation.Appium.GestureScroll" name="gestureScroll" time="34.091"/>
  <system-out/>
</testsuite> <!-- mobileautomation.Appium.GestureScroll -->
