<?xml version="1.0" encoding="UTF-8"?>
<!-- Generated by org.testng.reporters.JUnitReportReporter -->
<testsuite hostname="DESKTOP-PA7IU45" failures="0" tests="1" name="mobileautomation.Appium.AppiumBasics" time="12.803" errors="0" timestamp="2022-11-16T14:26:35 IST" skipped="0">
  <testcase classname="mobileautomation.Appium.AppiumBasics" name="wifiSettings" time="12.803"/>
  <system-out/>
</testsuite> <!-- mobileautomation.Appium.AppiumBasics -->
