<?xml version="1.0" encoding="UTF-8"?>
<!-- Generated by org.testng.reporters.JUnitReportReporter -->
<testsuite hostname="DESKTOP-PA7IU45" failures="0" tests="1" name="mobileautomation.Appium.GestureDrag" time="6.722" errors="0" timestamp="2022-11-17T13:35:36 IST" skipped="0">
  <testcase classname="mobileautomation.Appium.GestureDrag" name="gestureDrag" time="6.722"/>
  <system-out/>
</testsuite> <!-- mobileautomation.Appium.GestureDrag -->
